<?xml version="1.0" encoding="UTF-8"?>
<!-- Generated by org.testng.reporters.JUnitReportReporter -->
<testsuite hostname="LAPTOP-U66FBCGM" failures="0" tests="1" name="Hello" time="0.019" errors="0" timestamp="2023-05-06T19:33:34 IST" skipped="0">
  <testcase classname="Hello" name="hello" time="0.019"/>
  <system-out/>
</testsuite> <!-- Hello -->
